  ConsoleApplication1.cpp
E:\VS_Program\pro_guess_letter\ConsoleApplication1\ConsoleApplication1.cpp(19,10): error C2677: 二进制“==”: 没有找到接受“std::string”类型的全局运算符(或没有可接受的转换)
      E:\VS\VC\Tools\MSVC\14.44.35207\include\memory(3718,17):
      可能是“bool std::operator ==(std::nullptr_t,const std::unique_ptr<_Ty,_Dx> &) noexcept”
          E:\VS_Program\pro_guess_letter\ConsoleApplication1\ConsoleApplication1.cpp(19,7):
          “bool std::operator ==(std::nullptr_t,const std::unique_ptr<_Ty,_Dx> &) noexcept”: 无法从“std::string”推导出“const std::unique_ptr<_Ty,_Dx> &”的 模板 参数
      E:\VS\VC\Tools\MSVC\14.44.35207\include\memory(3712,30):
      或    “bool std::operator ==(const std::unique_ptr<_Ty,_Dx> &,std::nullptr_t) noexcept”
          E:\VS_Program\pro_guess_letter\ConsoleApplication1\ConsoleApplication1.cpp(19,7):
          “bool std::operator ==(const std::unique_ptr<_Ty,_Dx> &,std::nullptr_t) noexcept”: 无法从“int”推导出“const std::unique_ptr<_Ty,_Dx> &”的 模板 参数
      E:\VS\VC\Tools\MSVC\14.44.35207\include\memory(3666,30):
      或    “bool std::operator ==(const std::unique_ptr<_Ty,_Dx> &,const std::unique_ptr<_Ty2,_Dx2> &)”
          E:\VS_Program\pro_guess_letter\ConsoleApplication1\ConsoleApplication1.cpp(19,7):
          “bool std::operator ==(const std::unique_ptr<_Ty,_Dx> &,const std::unique_ptr<_Ty2,_Dx2> &)”: 无法从“int”推导出“const std::unique_ptr<_Ty,_Dx> &”的 模板 参数
      E:\VS\VC\Tools\MSVC\14.44.35207\include\memory(1928,17):
      或    “bool std::operator ==(std::nullptr_t,const std::shared_ptr<_Ty> &) noexcept”
          E:\VS_Program\pro_guess_letter\ConsoleApplication1\ConsoleApplication1.cpp(19,7):
          “bool std::operator ==(std::nullptr_t,const std::shared_ptr<_Ty> &) noexcept”: 无法从“std::string”推导出“const std::shared_ptr<_Ty> &”的 模板 参数
      E:\VS\VC\Tools\MSVC\14.44.35207\include\memory(1917,17):
      或    “bool std::operator ==(const std::shared_ptr<_Ty> &,std::nullptr_t) noexcept”
          E:\VS_Program\pro_guess_letter\ConsoleApplication1\ConsoleApplication1.cpp(19,7):
          “bool std::operator ==(const std::shared_ptr<_Ty> &,std::nullptr_t) noexcept”: 无法从“int”推导出“const std::shared_ptr<_Ty> &”的 模板 参数
      E:\VS\VC\Tools\MSVC\14.44.35207\include\memory(1880,17):
      或    “bool std::operator ==(const std::shared_ptr<_Ty> &,const std::shared_ptr<_Ty0> &) noexcept”
          E:\VS_Program\pro_guess_letter\ConsoleApplication1\ConsoleApplication1.cpp(19,7):
          “bool std::operator ==(const std::shared_ptr<_Ty> &,const std::shared_ptr<_Ty0> &) noexcept”: 无法从“int”推导出“const std::shared_ptr<_Ty> &”的 模板 参数
      E:\VS\VC\Tools\MSVC\14.44.35207\include\iterator(486,17):
      或    “bool std::operator ==(const std::istreambuf_iterator<_Elem,_Traits> &,const std::istreambuf_iterator<_Elem,_Traits> &)”
          E:\VS_Program\pro_guess_letter\ConsoleApplication1\ConsoleApplication1.cpp(19,7):
          “bool std::operator ==(const std::istreambuf_iterator<_Elem,_Traits> &,const std::istreambuf_iterator<_Elem,_Traits> &)”: 无法从“int”推导出“const std::istreambuf_iterator<_Elem,_Traits> &”的 模板 参数
      E:\VS\VC\Tools\MSVC\14.44.35207\include\iterator(304,17):
      或    “bool std::operator ==(const std::istream_iterator<_Ty,_Elem,_Traits,_Diff> &,const std::istream_iterator<_Ty,_Elem,_Traits,_Diff> &) noexcept”
          E:\VS_Program\pro_guess_letter\ConsoleApplication1\ConsoleApplication1.cpp(19,7):
          “bool std::operator ==(const std::istream_iterator<_Ty,_Elem,_Traits,_Diff> &,const std::istream_iterator<_Ty,_Elem,_Traits,_Diff> &) noexcept”: 无法从“int”推导出“const std::istream_iterator<_Ty,_Elem,_Traits,_Diff> &”的 模板 参数
      E:\VS\VC\Tools\MSVC\14.44.35207\include\xstring(3282,17):
      或    “bool std::operator ==(const _Elem *const ,const std::basic_string<_Elem,_Traits,_Alloc> &) noexcept”
          E:\VS_Program\pro_guess_letter\ConsoleApplication1\ConsoleApplication1.cpp(19,7):
          “bool std::operator ==(const _Elem *const ,const std::basic_string<_Elem,_Traits,_Alloc> &) noexcept”: 无法从“int”推导出“const _Elem *const ”的 模板 参数
      E:\VS\VC\Tools\MSVC\14.44.35207\include\xstring(3263,30):
      或    “bool std::operator ==(const std::basic_string<_Elem,_Traits,_Alloc> &,const _Elem *const ) noexcept”
          E:\VS_Program\pro_guess_letter\ConsoleApplication1\ConsoleApplication1.cpp(19,7):
          “bool std::operator ==(const std::basic_string<_Elem,_Traits,_Alloc> &,const _Elem *const ) noexcept”: 无法从“int”推导出“const std::basic_string<_Elem,_Traits,_Alloc> &”的 模板 参数
      E:\VS\VC\Tools\MSVC\14.44.35207\include\xstring(3257,30):
      或    “bool std::operator ==(const std::basic_string<_Elem,_Traits,_Alloc> &,const std::basic_string<_Elem,_Traits,_Alloc> &) noexcept”
          E:\VS_Program\pro_guess_letter\ConsoleApplication1\ConsoleApplication1.cpp(19,7):
          “bool std::operator ==(const std::basic_string<_Elem,_Traits,_Alloc> &,const std::basic_string<_Elem,_Traits,_Alloc> &) noexcept”: 无法从“int”推导出“const std::basic_string<_Elem,_Traits,_Alloc> &”的 模板 参数
      E:\VS\VC\Tools\MSVC\14.44.35207\include\xmemory(1050,30):
      或    “bool std::operator ==(const std::allocator<_Ty> &,const std::allocator<_Other> &) noexcept”
          E:\VS_Program\pro_guess_letter\ConsoleApplication1\ConsoleApplication1.cpp(19,7):
          “bool std::operator ==(const std::allocator<_Ty> &,const std::allocator<_Other> &) noexcept”: 无法从“int”推导出“const std::allocator<_Ty> &”的 模板 参数
      E:\VS\VC\Tools\MSVC\14.44.35207\include\xutility(4458,30):
      或    “bool std::operator ==(const std::move_iterator<_Iter> &,const std::move_iterator<_Iter2> &) noexcept(<expr>)”
          E:\VS_Program\pro_guess_letter\ConsoleApplication1\ConsoleApplication1.cpp(19,7):
          “bool std::operator ==(const std::move_iterator<_Iter> &,const std::move_iterator<_Iter2> &) noexcept(<expr>)”: 无法从“int”推导出“const std::move_iterator<_Iter> &”的 模板 参数
      E:\VS\VC\Tools\MSVC\14.44.35207\include\xutility(1896,30):
      或    “bool std::operator ==(const std::reverse_iterator<_BidIt> &,const std::reverse_iterator<_BidIt2> &) noexcept(<expr>)”
          E:\VS_Program\pro_guess_letter\ConsoleApplication1\ConsoleApplication1.cpp(19,7):
          “bool std::operator ==(const std::reverse_iterator<_BidIt> &,const std::reverse_iterator<_BidIt2> &) noexcept(<expr>)”: 无法从“int”推导出“const std::reverse_iterator<_BidIt> &”的 模板 参数
      E:\VS\VC\Tools\MSVC\14.44.35207\include\utility(503,27):
      或    “bool std::operator ==(const std::pair<_Ty1,_Ty2> &,const std::pair<_Uty1,_Uty2> &)”
          E:\VS_Program\pro_guess_letter\ConsoleApplication1\ConsoleApplication1.cpp(19,7):
          “bool std::operator ==(const std::pair<_Ty1,_Ty2> &,const std::pair<_Uty1,_Uty2> &)”: 无法从“int”推导出“const std::pair<_Ty1,_Ty2> &”的 模板 参数
  
E:\VS_Program\pro_guess_letter\ConsoleApplication1\ConsoleApplication1.cpp(21,12): error C2059: 语法错误:“;”
E:\VS_Program\pro_guess_letter\ConsoleApplication1\ConsoleApplication1.cpp(25,12): error C2677: 二进制“==”: 没有找到接受“std::string”类型的全局运算符(或没有可接受的转换)
      E:\VS\VC\Tools\MSVC\14.44.35207\include\memory(3718,17):
      可能是“bool std::operator ==(std::nullptr_t,const std::unique_ptr<_Ty,_Dx> &) noexcept”
          E:\VS_Program\pro_guess_letter\ConsoleApplication1\ConsoleApplication1.cpp(25,8):
          “bool std::operator ==(std::nullptr_t,const std::unique_ptr<_Ty,_Dx> &) noexcept”: 无法从“std::string”推导出“const std::unique_ptr<_Ty,_Dx> &”的 模板 参数
      E:\VS\VC\Tools\MSVC\14.44.35207\include\memory(3712,30):
      或    “bool std::operator ==(const std::unique_ptr<_Ty,_Dx> &,std::nullptr_t) noexcept”
          E:\VS_Program\pro_guess_letter\ConsoleApplication1\ConsoleApplication1.cpp(25,8):
          “bool std::operator ==(const std::unique_ptr<_Ty,_Dx> &,std::nullptr_t) noexcept”: 无法从“int”推导出“const std::unique_ptr<_Ty,_Dx> &”的 模板 参数
      E:\VS\VC\Tools\MSVC\14.44.35207\include\memory(3666,30):
      或    “bool std::operator ==(const std::unique_ptr<_Ty,_Dx> &,const std::unique_ptr<_Ty2,_Dx2> &)”
          E:\VS_Program\pro_guess_letter\ConsoleApplication1\ConsoleApplication1.cpp(25,8):
          “bool std::operator ==(const std::unique_ptr<_Ty,_Dx> &,const std::unique_ptr<_Ty2,_Dx2> &)”: 无法从“int”推导出“const std::unique_ptr<_Ty,_Dx> &”的 模板 参数
      E:\VS\VC\Tools\MSVC\14.44.35207\include\memory(1928,17):
      或    “bool std::operator ==(std::nullptr_t,const std::shared_ptr<_Ty> &) noexcept”
          E:\VS_Program\pro_guess_letter\ConsoleApplication1\ConsoleApplication1.cpp(25,8):
          “bool std::operator ==(std::nullptr_t,const std::shared_ptr<_Ty> &) noexcept”: 无法从“std::string”推导出“const std::shared_ptr<_Ty> &”的 模板 参数
      E:\VS\VC\Tools\MSVC\14.44.35207\include\memory(1917,17):
      或    “bool std::operator ==(const std::shared_ptr<_Ty> &,std::nullptr_t) noexcept”
          E:\VS_Program\pro_guess_letter\ConsoleApplication1\ConsoleApplication1.cpp(25,8):
          “bool std::operator ==(const std::shared_ptr<_Ty> &,std::nullptr_t) noexcept”: 无法从“int”推导出“const std::shared_ptr<_Ty> &”的 模板 参数
      E:\VS\VC\Tools\MSVC\14.44.35207\include\memory(1880,17):
      或    “bool std::operator ==(const std::shared_ptr<_Ty> &,const std::shared_ptr<_Ty0> &) noexcept”
          E:\VS_Program\pro_guess_letter\ConsoleApplication1\ConsoleApplication1.cpp(25,8):
          “bool std::operator ==(const std::shared_ptr<_Ty> &,const std::shared_ptr<_Ty0> &) noexcept”: 无法从“int”推导出“const std::shared_ptr<_Ty> &”的 模板 参数
      E:\VS\VC\Tools\MSVC\14.44.35207\include\iterator(486,17):
      或    “bool std::operator ==(const std::istreambuf_iterator<_Elem,_Traits> &,const std::istreambuf_iterator<_Elem,_Traits> &)”
          E:\VS_Program\pro_guess_letter\ConsoleApplication1\ConsoleApplication1.cpp(25,8):
          “bool std::operator ==(const std::istreambuf_iterator<_Elem,_Traits> &,const std::istreambuf_iterator<_Elem,_Traits> &)”: 无法从“int”推导出“const std::istreambuf_iterator<_Elem,_Traits> &”的 模板 参数
      E:\VS\VC\Tools\MSVC\14.44.35207\include\iterator(304,17):
      或    “bool std::operator ==(const std::istream_iterator<_Ty,_Elem,_Traits,_Diff> &,const std::istream_iterator<_Ty,_Elem,_Traits,_Diff> &) noexcept”
          E:\VS_Program\pro_guess_letter\ConsoleApplication1\ConsoleApplication1.cpp(25,8):
          “bool std::operator ==(const std::istream_iterator<_Ty,_Elem,_Traits,_Diff> &,const std::istream_iterator<_Ty,_Elem,_Traits,_Diff> &) noexcept”: 无法从“int”推导出“const std::istream_iterator<_Ty,_Elem,_Traits,_Diff> &”的 模板 参数
      E:\VS\VC\Tools\MSVC\14.44.35207\include\xstring(3282,17):
      或    “bool std::operator ==(const _Elem *const ,const std::basic_string<_Elem,_Traits,_Alloc> &) noexcept”
          E:\VS_Program\pro_guess_letter\ConsoleApplication1\ConsoleApplication1.cpp(25,8):
          “bool std::operator ==(const _Elem *const ,const std::basic_string<_Elem,_Traits,_Alloc> &) noexcept”: 无法从“int”推导出“const _Elem *const ”的 模板 参数
      E:\VS\VC\Tools\MSVC\14.44.35207\include\xstring(3263,30):
      或    “bool std::operator ==(const std::basic_string<_Elem,_Traits,_Alloc> &,const _Elem *const ) noexcept”
          E:\VS_Program\pro_guess_letter\ConsoleApplication1\ConsoleApplication1.cpp(25,8):
          “bool std::operator ==(const std::basic_string<_Elem,_Traits,_Alloc> &,const _Elem *const ) noexcept”: 无法从“int”推导出“const std::basic_string<_Elem,_Traits,_Alloc> &”的 模板 参数
      E:\VS\VC\Tools\MSVC\14.44.35207\include\xstring(3257,30):
      或    “bool std::operator ==(const std::basic_string<_Elem,_Traits,_Alloc> &,const std::basic_string<_Elem,_Traits,_Alloc> &) noexcept”
          E:\VS_Program\pro_guess_letter\ConsoleApplication1\ConsoleApplication1.cpp(25,8):
          “bool std::operator ==(const std::basic_string<_Elem,_Traits,_Alloc> &,const std::basic_string<_Elem,_Traits,_Alloc> &) noexcept”: 无法从“int”推导出“const std::basic_string<_Elem,_Traits,_Alloc> &”的 模板 参数
      E:\VS\VC\Tools\MSVC\14.44.35207\include\xmemory(1050,30):
      或    “bool std::operator ==(const std::allocator<_Ty> &,const std::allocator<_Other> &) noexcept”
          E:\VS_Program\pro_guess_letter\ConsoleApplication1\ConsoleApplication1.cpp(25,8):
          “bool std::operator ==(const std::allocator<_Ty> &,const std::allocator<_Other> &) noexcept”: 无法从“int”推导出“const std::allocator<_Ty> &”的 模板 参数
      E:\VS\VC\Tools\MSVC\14.44.35207\include\xutility(4458,30):
      或    “bool std::operator ==(const std::move_iterator<_Iter> &,const std::move_iterator<_Iter2> &) noexcept(<expr>)”
          E:\VS_Program\pro_guess_letter\ConsoleApplication1\ConsoleApplication1.cpp(25,8):
          “bool std::operator ==(const std::move_iterator<_Iter> &,const std::move_iterator<_Iter2> &) noexcept(<expr>)”: 无法从“int”推导出“const std::move_iterator<_Iter> &”的 模板 参数
      E:\VS\VC\Tools\MSVC\14.44.35207\include\xutility(1896,30):
      或    “bool std::operator ==(const std::reverse_iterator<_BidIt> &,const std::reverse_iterator<_BidIt2> &) noexcept(<expr>)”
          E:\VS_Program\pro_guess_letter\ConsoleApplication1\ConsoleApplication1.cpp(25,8):
          “bool std::operator ==(const std::reverse_iterator<_BidIt> &,const std::reverse_iterator<_BidIt2> &) noexcept(<expr>)”: 无法从“int”推导出“const std::reverse_iterator<_BidIt> &”的 模板 参数
      E:\VS\VC\Tools\MSVC\14.44.35207\include\utility(503,27):
      或    “bool std::operator ==(const std::pair<_Ty1,_Ty2> &,const std::pair<_Uty1,_Uty2> &)”
          E:\VS_Program\pro_guess_letter\ConsoleApplication1\ConsoleApplication1.cpp(25,8):
          “bool std::operator ==(const std::pair<_Ty1,_Ty2> &,const std::pair<_Uty1,_Uty2> &)”: 无法从“int”推导出“const std::pair<_Ty1,_Ty2> &”的 模板 参数
  
