  Math_Ex01.cpp
C:\CPP_Math\vcpkg-master\installed\x64-windows\include\mgl2\data.h(1,1): warning C4819: 该文件包含不能在当前代码页(936)中表示的字符。请将该文件保存为 Unicode 格式以防止数据丢失
  (编译源文件“Math_Ex01.cpp”)
  
C:\CPP_Math\vcpkg-master\installed\x64-windows\include\mgl2\data_cf.h(1,1): warning C4819: 该文件包含不能在当前代码页(936)中表示的字符。请将该文件保存为 Unicode 格式以防止数据丢失
  (编译源文件“Math_Ex01.cpp”)
  
C:\CPP_Math\vcpkg-master\installed\x64-windows\include\mgl2\data_cf.h(411,1): warning C4819: 该文件包含不能在当前代码页(936)中表示的字符。请将该文件保存为 Unicode 格式以防止数据丢失
  (编译源文件“Math_Ex01.cpp”)
  
C:\CPP_Math\vcpkg-master\installed\x64-windows\include\mgl2\datac.h(1,1): warning C4819: 该文件包含不能在当前代码页(936)中表示的字符。请将该文件保存为 Unicode 格式以防止数据丢失
  (编译源文件“Math_Ex01.cpp”)
  
C:\CPP_Math\vcpkg-master\installed\x64-windows\include\mgl2\datac_cf.h(1,1): warning C4819: 该文件包含不能在当前代码页(936)中表示的字符。请将该文件保存为 Unicode 格式以防止数据丢失
  (编译源文件“Math_Ex01.cpp”)
  
C:\CPP_Math\vcpkg-master\installed\x64-windows\include\mgl2\cont.h(1,1): warning C4819: 该文件包含不能在当前代码页(936)中表示的字符。请将该文件保存为 Unicode 格式以防止数据丢失
  (编译源文件“Math_Ex01.cpp”)
  
C:\CPP_Math\vcpkg-master\installed\x64-windows\include\mgl2\plot.h(1,1): warning C4819: 该文件包含不能在当前代码页(936)中表示的字符。请将该文件保存为 Unicode 格式以防止数据丢失
  (编译源文件“Math_Ex01.cpp”)
  
C:\CPP_Math\vcpkg-master\installed\x64-windows\include\mgl2\surf.h(1,1): warning C4819: 该文件包含不能在当前代码页(936)中表示的字符。请将该文件保存为 Unicode 格式以防止数据丢失
  (编译源文件“Math_Ex01.cpp”)
  
C:\CPP_Math\vcpkg-master\installed\x64-windows\include\mgl2\volume.h(1,1): warning C4819: 该文件包含不能在当前代码页(936)中表示的字符。请将该文件保存为 Unicode 格式以防止数据丢失
  (编译源文件“Math_Ex01.cpp”)
  
C:\CPP_Math\vcpkg-master\installed\x64-windows\include\mgl2\vect.h(1,1): warning C4819: 该文件包含不能在当前代码页(936)中表示的字符。请将该文件保存为 Unicode 格式以防止数据丢失
  (编译源文件“Math_Ex01.cpp”)
  
C:\CPP_Math\vcpkg-master\installed\x64-windows\include\mgl2\prim.h(1,1): warning C4819: 该文件包含不能在当前代码页(936)中表示的字符。请将该文件保存为 Unicode 格式以防止数据丢失
  (编译源文件“Math_Ex01.cpp”)
  
C:\CPP_Math\vcpkg-master\installed\x64-windows\include\mgl2\other.h(1,1): warning C4819: 该文件包含不能在当前代码页(936)中表示的字符。请将该文件保存为 Unicode 格式以防止数据丢失
  (编译源文件“Math_Ex01.cpp”)
  
C:\CPP_Math\vcpkg-master\installed\x64-windows\include\mgl2\canvas_cf.h(1,1): warning C4819: 该文件包含不能在当前代码页(936)中表示的字符。请将该文件保存为 Unicode 格式以防止数据丢失
  (编译源文件“Math_Ex01.cpp”)
  
C:\CPP_Math\vcpkg-master\installed\x64-windows\include\mgl2\mgl.h(556,1): warning C4819: 该文件包含不能在当前代码页(936)中表示的字符。请将该文件保存为 Unicode 格式以防止数据丢失
  (编译源文件“Math_Ex01.cpp”)
  
C:\CPP_Math\vcpkg-master\installed\x64-windows\include\mgl2\mgl.h(1019,1): warning C4819: 该文件包含不能在当前代码页(936)中表示的字符。请将该文件保存为 Unicode 格式以防止数据丢失
  (编译源文件“Math_Ex01.cpp”)
  
C:\CPP_Math\vcpkg-master\installed\x64-windows\include\mgl2\mgl.h(1468,1): warning C4819: 该文件包含不能在当前代码页(936)中表示的字符。请将该文件保存为 Unicode 格式以防止数据丢失
  (编译源文件“Math_Ex01.cpp”)
  
C:\CPP_Math\vcpkg-master\installed\x64-windows\include\mgl2\mgl.h(1857,1): warning C4819: 该文件包含不能在当前代码页(936)中表示的字符。请将该文件保存为 Unicode 格式以防止数据丢失
  (编译源文件“Math_Ex01.cpp”)
  
  Math_Ex01.vcxproj -> E:\VS_Program\Math_Ex01\x64\Debug\Math_Ex01.exe
  'pwsh.exe' 不是内部或外部命令，也不是可运行的程序
  或批处理文件。
